<?xml version="1.0" encoding="UTF-8"?>
<testsuite name="CategoryTest" tests="2" skipped="0" failures="0" errors="0" timestamp="2015-09-09T18:30:04" hostname="epicodus-112.local" time="0.198">
  <properties/>
  <testcase name="category_instantiates_True" classname="CategoryTest" time="0.192"/>
  <testcase name="equals_returnsTrueIfCategoriesAretheSame_true" classname="CategoryTest" time="0.006"/>
  <system-out><![CDATA[]]></system-out>
  <system-err><![CDATA[]]></system-err>
</testsuite>
